<?xml version="1.0" encoding="UTF-8"?>
<!-- Generated by org.testng.reporters.JUnitXMLReporter -->
<testsuite hostname="LAP13651" ignored="0" name="Default test" tests="7" failures="0" timestamp="25 Jul 2021 04:39:45 GMT" time="29.188" errors="0">
  <testcase name="TC_01_getPetsByStatus" time="5.658" classname="com.petstore.tests.PetTest"/>
  <testcase name="TC_02_createPet" time="5.366" classname="com.petstore.tests.PetTest"/>
  <testcase name="TC_03_findPetByID" time="7.301" classname="com.petstore.tests.PetTest"/>
  <testcase name="TC_04_updateExistingPet" time="1.858" classname="com.petstore.tests.PetTest"/>
  <testcase name="TC_05_updateExistingPetWithFormData" time="1.835" classname="com.petstore.tests.PetTest"/>
  <testcase name="TC_06_uploadImage" time="5.105" classname="com.petstore.tests.PetTest"/>
  <testcase name="TC_07_delete" time="1.975" classname="com.petstore.tests.PetTest"/>
</testsuite> <!-- Default test -->
